<?xml version="1.0" encoding="UTF-8"?>
<!-- Generated by org.testng.reporters.JUnitXMLReporter -->
<testsuite ignored="0" hostname="DESKTOP-DHKQNOK" failures="0" tests="3" name="Default test" time="40.766" errors="0" timestamp="02 Aug 2019 09:46:03 GMT">
  <testcase classname="automation.TCEWEB" name="loginInvalidCredentials" time="1.314"/>
  <testcase classname="automation.TCEWEB" name="loginValidCredentials" time="10.347"/>
  <testcase classname="automation.TCEWEB" name="logoutAfterLogin" time="4.692"/>
</testsuite> <!-- Default test -->
