<?xml version="1.0" encoding="UTF-8"?>
<!-- Generated by org.testng.reporters.JUnitXMLReporter -->
<testsuite ignored="0" hostname="DESKTOP-DHKQNOK" failures="0" tests="3" name="Login Flow Test" time="41.094" errors="0" timestamp="02 Aug 2019 10:04:54 GMT">
  <testcase classname="automation.TCEWEB" name="loginInvalidCredentials" time="1.39"/>
  <testcase classname="automation.TCEWEB" name="loginValidCredentials" time="10.386"/>
  <testcase classname="automation.TCEWEB" name="logoutAfterLogin" time="4.286"/>
</testsuite> <!-- Login Flow Test -->
