<?xml version="1.0" encoding="UTF-8"?>
<!-- Generated by org.testng.reporters.JUnitXMLReporter -->
<testsuite ignored="0" hostname="DESKTOP-DHKQNOK" failures="0" tests="4" name="Login Test" time="52.196" errors="0" timestamp="05 Aug 2019 11:48:00 GMT">
  <testcase classname="tce.LoginWithCredentialsTest" name="loginInvalidCredentials" time="1.302"/>
  <testcase classname="tce.LoginWithPin" name="VerifyLoginWithPin" time="1.109"/>
  <testcase classname="tce.LoginWithCredentialsTest" name="loginValidCredentials" time="10.281"/>
  <testcase classname="tce.LoginWithPin" name="loginWithPin" time="2.284"/>
</testsuite> <!-- Login Test -->
