<?xml version="1.0" encoding="UTF-8"?>
<testng-results ignored="0" total="3" passed="3" failed="0" skipped="0">
  <reporter-output>
  </reporter-output>
  <suite started-at="2019-08-02T11:50:56Z" name="TCE WEB SUITE" finished-at="2019-08-02T11:51:38Z" duration-ms="41823">
    <groups>
    </groups>
    <test started-at="2019-08-02T11:50:56Z" name="Login Test" finished-at="2019-08-02T11:51:19Z" duration-ms="23223">
      <class name="tce.LoginTest">
        <test-method is-config="true" signature="setup()[pri:0, instance:tce.LoginTest@402e37bc]" started-at="2019-08-02T11:50:56Z" name="setup" finished-at="2019-08-02T11:51:02Z" duration-ms="5830" status="PASS">
          <reporter-output>
          </reporter-output>
        </test-method> <!-- setup -->
        <test-method signature="loginInvalidCredentials()[pri:1, instance:tce.LoginTest@402e37bc]" started-at="2019-08-02T11:51:02Z" name="loginInvalidCredentials" description="Testcase1= Verify that error message is displayed on entering invalid data" finished-at="2019-08-02T11:51:03Z" duration-ms="1307" status="PASS">
          <reporter-output>
          </reporter-output>
        </test-method> <!-- loginInvalidCredentials -->
        <test-method is-config="true" signature="TearDown()[pri:0, instance:tce.LoginTest@402e37bc]" started-at="2019-08-02T11:51:03Z" name="TearDown" finished-at="2019-08-02T11:51:04Z" duration-ms="606" status="PASS">
          <reporter-output>
          </reporter-output>
        </test-method> <!-- TearDown -->
        <test-method is-config="true" signature="setup()[pri:0, instance:tce.LoginTest@402e37bc]" started-at="2019-08-02T11:51:04Z" name="setup" finished-at="2019-08-02T11:51:08Z" duration-ms="4396" status="PASS">
          <reporter-output>
          </reporter-output>
        </test-method> <!-- setup -->
        <test-method signature="loginValidCredentials()[pri:2, instance:tce.LoginTest@402e37bc]" started-at="2019-08-02T11:51:08Z" name="loginValidCredentials" description="Testcase2= Verify that User is able to log in succesfully on entering valid data" finished-at="2019-08-02T11:51:19Z" duration-ms="10404" status="PASS">
          <reporter-output>
          </reporter-output>
        </test-method> <!-- loginValidCredentials -->
        <test-method is-config="true" signature="TearDown()[pri:0, instance:tce.LoginTest@402e37bc]" started-at="2019-08-02T11:51:19Z" name="TearDown" finished-at="2019-08-02T11:51:19Z" duration-ms="634" status="PASS">
          <reporter-output>
          </reporter-output>
        </test-method> <!-- TearDown -->
      </class> <!-- tce.LoginTest -->
    </test> <!-- Login Test -->
    <test started-at="2019-08-02T11:51:19Z" name="Logout Test" finished-at="2019-08-02T11:51:38Z" duration-ms="18481">
      <class name="tce.LogoutTest">
        <test-method is-config="true" signature="setup()[pri:0, instance:tce.LogoutTest@7219ec67]" started-at="2019-08-02T11:51:19Z" name="setup" finished-at="2019-08-02T11:51:33Z" duration-ms="13468" status="PASS">
          <reporter-output>
          </reporter-output>
        </test-method> <!-- setup -->
        <test-method signature="logoutAfterLogin()[pri:1, instance:tce.LogoutTest@7219ec67]" started-at="2019-08-02T11:51:33Z" name="logoutAfterLogin" description="Testcase1= Verify that User is able to logout succesfully on clicking logout button" finished-at="2019-08-02T11:51:37Z" duration-ms="4386" status="PASS">
          <reporter-output>
          </reporter-output>
        </test-method> <!-- logoutAfterLogin -->
        <test-method is-config="true" signature="TearDown()[pri:0, instance:tce.LogoutTest@7219ec67]" started-at="2019-08-02T11:51:37Z" name="TearDown" finished-at="2019-08-02T11:51:38Z" duration-ms="622" status="PASS">
          <reporter-output>
          </reporter-output>
        </test-method> <!-- TearDown -->
      </class> <!-- tce.LogoutTest -->
    </test> <!-- Logout Test -->
  </suite> <!-- TCE WEB SUITE -->
</testng-results>
