<?xml version="1.0" encoding="UTF-8"?>
<!-- Generated by org.testng.reporters.JUnitXMLReporter -->
<testsuite ignored="0" hostname="DESKTOP-DHKQNOK" failures="0" tests="3" name="Login Flow Test" time="39.856" errors="0" timestamp="02 Aug 2019 10:46:16 GMT">
  <testcase classname="automation.Login" name="loginInvalidCredentials" time="1.418"/>
  <testcase classname="automation.Login" name="loginValidCredentials" time="10.357"/>
  <testcase classname="automation.Login" name="logoutAfterLogin" time="4.313"/>
</testsuite> <!-- Login Flow Test -->
